[debug] [2022-10-18T02:28:57.446Z] ----------------------------------------------------------------------
[debug] [2022-10-18T02:28:57.448Z] Command:       /Users/jorgejimenez/.nvm/versions/node/v16.13.1/bin/node /Users/jorgejimenez/.nvm/versions/node/v16.13.1/bin/firebase init
[debug] [2022-10-18T02:28:57.448Z] CLI Version:   11.14.4
[debug] [2022-10-18T02:28:57.448Z] Platform:      darwin
[debug] [2022-10-18T02:28:57.448Z] Node Version:  v16.13.1
[debug] [2022-10-18T02:28:57.449Z] Time:          Mon Oct 17 2022 20:28:57 GMT-0600 (Mountain Daylight Time)
[debug] [2022-10-18T02:28:57.450Z] ----------------------------------------------------------------------
[debug] 
[debug] [2022-10-18T02:28:57.454Z] > command requires scopes: ["email","openid","https://www.googleapis.com/auth/cloudplatformprojects.readonly","https://www.googleapis.com/auth/firebase","https://www.googleapis.com/auth/cloud-platform"]
[debug] [2022-10-18T02:28:57.454Z] > authorizing via signed-in user (jimenezjorge717@gmail.com)
[info] 
     ######## #### ########  ######## ########     ###     ######  ########
     ##        ##  ##     ## ##       ##     ##  ##   ##  ##       ##
     ######    ##  ########  ######   ########  #########  ######  ######
     ##        ##  ##    ##  ##       ##     ## ##     ##       ## ##
     ##       #### ##     ## ######## ########  ##     ##  ######  ########

You're about to initialize a Firebase project in this directory:

  /Users/jorgejimenez/Documents/marketplace-client/marketplace

[info] 
=== Project Setup
[info] 
[info] First, let's associate this project directory with a Firebase project.
[info] You can create multiple project aliases by running firebase use --add, 
[info] but for now we'll just set up a default project.
[info] 
[info] i  If you want to create a project in a Google Cloud organization or folder, please use "firebase projects:create" instead, and return to this command when you've created the project. 
[debug] [2022-10-18T02:30:57.727Z] >>> [apiv2][query] POST https://cloudresourcemanager.googleapis.com/v1/projects [none]
[debug] [2022-10-18T02:30:57.728Z] >>> [apiv2][body] POST https://cloudresourcemanager.googleapis.com/v1/projects {"projectId":"marketplace","name":"marketplace"}
[debug] [2022-10-18T02:30:58.098Z] <<< [apiv2][status] POST https://cloudresourcemanager.googleapis.com/v1/projects 409
[debug] [2022-10-18T02:30:58.098Z] <<< [apiv2][body] POST https://cloudresourcemanager.googleapis.com/v1/projects {"error":{"code":409,"message":"Requested entity already exists","status":"ALREADY_EXISTS"}}
[debug] [2022-10-18T02:30:58.247Z] FirebaseError: HTTP Error: 409, Requested entity already exists
    at responseToError (/Users/jorgejimenez/.nvm/versions/node/v16.13.1/lib/node_modules/firebase-tools/lib/responseToError.js:49:12)
    at RetryOperation._fn (/Users/jorgejimenez/.nvm/versions/node/v16.13.1/lib/node_modules/firebase-tools/lib/apiv2.js:288:77)
    at processTicksAndRejections (node:internal/process/task_queues:96:5)
[error] 
[error] Error: Failed to create project because there is already a project with ID marketplace. Please try again with a unique project ID.
